info it worked if it ends with ok
verbose cli [ 'node', '/usr/local/bin/npm', 'install', 'sys' ]
info using npm@1.0.3
info using node@v0.4.6
verbose /usr/local/bin/node node symlink
verbose config file /Users/rlower/.npmrc
verbose config file /usr/local/etc/npmrc
silly testEngine { name: 'duostack',
silly testEngine   version: '0.5.0',
silly testEngine   description: 'Duostack command line client: create and manage Duostack apps',
silly testEngine   keywords: [ 'duostack client cloud hosting platform' ],
silly testEngine   homepage: 'http://www.duostack.com/',
silly testEngine   author: 
silly testEngine    { name: 'Todd Eichel',
silly testEngine      email: 'todd@toddeichel.com',
silly testEngine      url: 'http://toddeichel.com/' },
silly testEngine   repository: 
silly testEngine    { type: 'git',
silly testEngine      url: 'git://github.com/duostack/duostack-client.git' },
silly testEngine   scripts: { install: 'scripts/ruby-check.sh' },
silly testEngine   bin: 
silly testEngine    { duostack: './bin/duostack',
silly testEngine      '.duostack-expect': './bin/.duostack-expect',
silly testEngine      '.duostack-console-expect': './bin/.duostack-console-expect',
silly testEngine      '.duostack-startcom.pem': './bin/.duostack-startcom.pem' },
silly testEngine   dependencies: {},
silly testEngine   devDependencies: {},
silly testEngine   _id: 'duostack@0.5.0',
silly testEngine   engines: { node: '*' },
silly testEngine   _engineSupported: true,
silly testEngine   _npmVersion: '1.0.3',
silly testEngine   _nodeVersion: 'v0.4.6',
silly testEngine   _defaultsLoaded: true }
verbose caching /Users/rlower/Sites/node_modules/duostack/package.json
verbose loadDefaults duostack@0.5.0
silly testEngine { name: 'express',
silly testEngine   description: 'Sinatra inspired web development framework',
silly testEngine   version: '2.3.4',
silly testEngine   author: 
silly testEngine    { name: 'TJ Holowaychuk',
silly testEngine      email: 'tj@vision-media.ca' },
silly testEngine   contributors: 
silly testEngine    [ { name: 'TJ Holowaychuk',
silly testEngine        email: 'tj@vision-media.ca' },
silly testEngine      { name: 'Aaron Heckmann',
silly testEngine        email: 'aaron.heckmann+github@gmail.com' },
silly testEngine      { name: 'Ciaran Jessup', email: 'ciaranj@gmail.com' },
silly testEngine      { name: 'Guillermo Rauch', email: 'rauchg@gmail.com' } ],
silly testEngine   dependencies: 
silly testEngine    { connect: '>= 1.4.0 < 2.0.0',
silly testEngine      mime: '>= 0.0.1',
silly testEngine      qs: '>= 0.0.6' },
silly testEngine   keywords: [ 'framework', 'sinatra', 'web', 'rest', 'restful' ],
silly testEngine   repository: 
silly testEngine    { type: 'git',
silly testEngine      url: 'git://github.com/visionmedia/express.git' },
silly testEngine   main: 'index',
silly testEngine   bin: { express: './bin/express' },
silly testEngine   engines: { node: '>= 0.4.1 < 0.5.0' },
silly testEngine   devDependencies: {},
silly testEngine   _id: 'express@2.3.4',
silly testEngine   _engineSupported: true,
silly testEngine   _npmVersion: '1.0.3',
silly testEngine   _nodeVersion: 'v0.4.6',
silly testEngine   _defaultsLoaded: true }
verbose caching /Users/rlower/Sites/node_modules/express/package.json
verbose loadDefaults express@2.3.4
silly testEngine { name: 'jade',
silly testEngine   description: 'Jade template engine',
silly testEngine   version: '0.10.7',
silly testEngine   author: 
silly testEngine    { name: 'TJ Holowaychuk',
silly testEngine      email: 'tj@vision-media.ca' },
silly testEngine   repository: 
silly testEngine    { type: 'git',
silly testEngine      url: 'git://github.com/visionmedia/jade.git' },
silly testEngine   main: './index.js',
silly testEngine   bin: { jade: './bin/jade' },
silly testEngine   engines: { node: '>= 0.1.98' },
silly testEngine   dependencies: {},
silly testEngine   devDependencies: {},
silly testEngine   _id: 'jade@0.10.7',
silly testEngine   _engineSupported: true,
silly testEngine   _npmVersion: '1.0.3',
silly testEngine   _nodeVersion: 'v0.4.6',
silly testEngine   _defaultsLoaded: true }
verbose caching /Users/rlower/Sites/node_modules/jade/package.json
verbose loadDefaults jade@0.10.7
silly testEngine { name: 'valentine',
silly testEngine   description: 'JavaScripts sister.',
silly testEngine   version: '1.0.2',
silly testEngine   homepage: 'https://github.com/ded/valentine',
silly testEngine   authors: 'Dustin Diaz <@ded>',
silly testEngine   repository: 
silly testEngine    { type: 'git',
silly testEngine      url: 'git://github.com/ded/valentine.git' },
silly testEngine   main: './valentine.js',
silly testEngine   ender: './src/ender.js',
silly testEngine   dependencies: {},
silly testEngine   devDependencies: {},
silly testEngine   _id: 'valentine@1.0.2',
silly testEngine   engines: { node: '*' },
silly testEngine   _engineSupported: true,
silly testEngine   _npmVersion: '1.0.3',
silly testEngine   _nodeVersion: 'v0.4.6',
silly testEngine   _defaultsLoaded: true }
verbose caching /Users/rlower/Sites/node_modules/valentine/package.json
verbose loadDefaults valentine@1.0.2
verbose into /Users/rlower/Sites [ 'sys' ]
verbose cache add [ 'sys', null ]
info addNamed [ 'sys', '' ]
verbose addNamed [ null, '' ]
verbose GET sys
verbose raw, before any munging sys
verbose url resolving [ 'http://registry.npmjs.org/', './sys' ]
verbose url resolved http://registry.npmjs.org/sys
verbose url parsed { protocol: 'http:',
verbose url parsed   slashes: true,
verbose url parsed   host: 'registry.npmjs.org',
verbose url parsed   hostname: 'registry.npmjs.org',
verbose url parsed   pathname: '/sys',
verbose url parsed   href: 'http://registry.npmjs.org/sys' }
verbose response http://registry.npmjs.org/sys
silly chunk {"error":"not_found","reason":"document not found"}
silly chunk 
silly get cb [ 404,
silly get cb   { server: 'CouchDB/1.0.2 (Erlang OTP/R14B)',
silly get cb     date: 'Mon, 09 May 2011 21:53:58 GMT',
silly get cb     'content-type': 'application/json',
silly get cb     'content-length': '52',
silly get cb     'cache-control': 'must-revalidate' } ]
ERR! 404 'sys' is not in the npm registry.
ERR! 404 You should bug the author to publish it.
ERR! 404 Note that you can also install from a tarball or folder.
ERR! 
ERR! System Darwin 10.7.0
ERR! command "node" "/usr/local/bin/npm" "install" "sys"
verbose exit [ 1, true ]
